<?xml version="1.0" encoding="UTF-8"?>
<!-- Generated by org.testng.reporters.JUnitReportReporter -->
<testsuite hostname="HSL-LPT168" failures="0" tests="1" name="testScenarios.AcquireSetup" time="0.497" errors="0" timestamp="2023-02-26T12:43:27 ACDT" skipped="0">
  <testcase classname="testScenarios.AcquireSetup" name="navigate_to_homepage_verify_on_acqire_hyperlink" time="0.497"/>
  <system-out/>
</testsuite> <!-- testScenarios.AcquireSetup -->
