<?xml version="1.0" encoding="UTF-8"?>
<!-- Generated by org.testng.reporters.JUnitReportReporter -->
<testsuite hostname="HSL-LPT168" failures="0" tests="4" name="testScenarios.AcquireHomeTest" time="0.000" errors="0" timestamp="2023-02-26T17:35:54 ACDT" skipped="4">
  <testcase classname="testScenarios.AcquireHomeTest" name="navigate_to_homepage_verify_on_acqire_hyperlink" time="0.000">
    <skipped/>
  </testcase> <!-- navigate_to_homepage_verify_on_acqire_hyperlink -->
  <system-out/>
  <testcase classname="testScenarios.AcquireHomeTest" name="verify_on_newsroom" time="0.000">
    <skipped/>
  </testcase> <!-- verify_on_newsroom -->
  <system-out/>
  <testcase classname="testScenarios.AcquireHomeTest" name="verify_on_eventsbookings" time="0.000">
    <skipped/>
  </testcase> <!-- verify_on_eventsbookings -->
  <system-out/>
  <testcase classname="testScenarios.AcquireHomeTest" name="verify_on_requestsupport" time="0.000">
    <skipped/>
  </testcase> <!-- verify_on_requestsupport -->
  <system-out/>
</testsuite> <!-- testScenarios.AcquireHomeTest -->
