<?xml version="1.0" encoding="UTF-8"?>
<!-- Generated by org.testng.reporters.JUnitReportReporter -->
<testsuite hostname="HSL-LPT168" failures="0" tests="6" name="testScenarios.Testcases" time="72.143" errors="0" timestamp="2023-02-27T01:09:47 ACDT" skipped="0">
  <testcase classname="testScenarios.Testcases" name="verify_on_eventsbookings" time="9.449"/>
  <system-out/>
  <testcase classname="testScenarios.Testcases" name="verify_on_requestsupport" time="12.336"/>
  <system-out/>
  <testcase classname="testScenarios.Testcases" name="navigate_to_newsroom_dismiss_alert_and_collect_CategoryDropdown_options" time="26.575"/>
  <system-out/>
  <testcase classname="testScenarios.Testcases" name="navigate_to_homepage_verify_on_acqire_hyperlink" time="0.071"/>
  <system-out/>
  <testcase classname="testScenarios.Testcases" name="navigate_to_contactUs_check_Insuite_enroll_top" time="15.963"/>
  <system-out/>
  <testcase classname="testScenarios.Testcases" name="verify_on_newsroom" time="7.749"/>
  <system-out/>
</testsuite> <!-- testScenarios.Testcases -->
